<?xml version="1.0" encoding="UTF-8"?>
<!-- Generated by org.testng.reporters.JUnitXMLReporter -->
<testsuite ignored="1" hostname="SAIKRISHNA" failures="0" tests="4" name="Surefire test" time="0.074" errors="0" timestamp="2023-03-29T12:31:30 IST">
  <testcase classname="org.example.AppTest" name="openBrowser" time="0.007"/>
  <testcase classname="org.example.AppTest" name="clickUMS" time="0.001"/>
  <testcase classname="org.example.AppTest" name="openHomePage" time="0.002"/>
  <testcase classname="org.example.AppTest" name="closeBrowser" time="0.0"/>
  <testcase classname="org.example.AppTest" name="closeUMS" time="0.0">
    <ignored/>
  </testcase> <!-- closeUMS -->
</testsuite> <!-- Surefire test -->
