<?xml version="1.0" encoding="UTF-8"?>
<testng-results ignored="1" total="5" passed="4" failed="0" skipped="0">
  <reporter-output>
  </reporter-output>
  <suite started-at="2023-03-29T12:31:30 IST" name="Surefire suite" finished-at="2023-03-29T12:31:30 IST" duration-ms="74">
    <groups>
    </groups>
    <test started-at="2023-03-29T12:31:30 IST" name="Surefire test" finished-at="2023-03-29T12:31:30 IST" duration-ms="74">
      <class name="org.example.AppTest">
        <test-method signature="openBrowser()[pri:1, instance:org.example.AppTest@b7f23d9]" started-at="2023-03-29T12:31:30 IST" name="openBrowser" finished-at="2023-03-29T12:31:30 IST" duration-ms="7" status="PASS">
          <reporter-output>
          </reporter-output>
        </test-method> <!-- openBrowser -->
        <test-method signature="clickUMS()[pri:2, instance:org.example.AppTest@b7f23d9]" started-at="2023-03-29T12:31:30 IST" name="clickUMS" finished-at="2023-03-29T12:31:30 IST" duration-ms="1" status="PASS">
          <reporter-output>
          </reporter-output>
        </test-method> <!-- clickUMS -->
        <test-method signature="openHomePage()[pri:3, instance:org.example.AppTest@b7f23d9]" started-at="2023-03-29T12:31:30 IST" name="openHomePage" finished-at="2023-03-29T12:31:30 IST" duration-ms="2" status="PASS">
          <reporter-output>
          </reporter-output>
        </test-method> <!-- openHomePage -->
        <test-method signature="closeBrowser()[pri:5, instance:org.example.AppTest@b7f23d9]" started-at="2023-03-29T12:31:30 IST" name="closeBrowser" finished-at="2023-03-29T12:31:30 IST" duration-ms="0" status="PASS">
          <reporter-output>
          </reporter-output>
        </test-method> <!-- closeBrowser -->
      </class> <!-- org.example.AppTest -->
    </test> <!-- Surefire test -->
  </suite> <!-- Surefire suite -->
</testng-results>
